app/build/intermediates/manifest_merge_blame_file/debug/manifest-merger-blame-debug-report.txt
1<?xml version="1.0" encoding="utf-8"?>
2<manifest xmlns:android="http://schemas.android.com/apk/res/android"
3    package="com.smartpierre.espflasher"
4    android:versionCode="20006"
5    android:versionName="2.0.6" >
6
7    <uses-sdk
8        android:minSdkVersion="26"
9        android:targetSdkVersion="34" />
10
11    <uses-feature
11-->src/main/AndroidManifest.xml:3:5-86
12        android:name="android.hardware.usb.host"
12-->src/main/AndroidManifest.xml:3:19-59
13        android:required="true" />
13-->src/main/AndroidManifest.xml:3:60-83
14
15    <uses-permission android:name="android.permission.USB_PERMISSION" />
15-->src/main/AndroidManifest.xml:4:5-73
15-->src/main/AndroidManifest.xml:4:22-70
16    <uses-permission android:name="android.permission.INTERNET" />
16-->src/main/AndroidManifest.xml:5:5-67
16-->src/main/AndroidManifest.xml:5:22-64
17    <uses-permission android:name="android.permission.WAKE_LOCK" />
17-->src/main/AndroidManifest.xml:6:5-68
17-->src/main/AndroidManifest.xml:6:22-65
18    <uses-permission android:name="android.permission.VIBRATE" />
18-->src/main/AndroidManifest.xml:7:5-66
18-->src/main/AndroidManifest.xml:7:22-63
19    <uses-permission android:name="android.permission.FOREGROUND_SERVICE" />
19-->src/main/AndroidManifest.xml:8:5-77
19-->src/main/AndroidManifest.xml:8:22-74
20    <uses-permission android:name="android.permission.FOREGROUND_SERVICE_DATA_SYNC" />
20-->src/main/AndroidManifest.xml:9:5-87
20-->src/main/AndroidManifest.xml:9:22-84
21    <uses-permission android:name="android.permission.REQUEST_IGNORE_BATTERY_OPTIMIZATIONS" />
21-->src/main/AndroidManifest.xml:10:5-95
21-->src/main/AndroidManifest.xml:10:22-92
22    <uses-permission android:name="android.permission.DISABLE_KEYGUARD" />
22-->src/main/AndroidManifest.xml:11:5-75
22-->src/main/AndroidManifest.xml:11:22-72
23    <uses-permission android:name="android.permission.SYSTEM_ALERT_WINDOW" />
23-->src/main/AndroidManifest.xml:12:5-78
23-->src/main/AndroidManifest.xml:12:22-75
24
25    <permission
25-->[androidx.core:core:1.10.1] AndroidManifest.xml:22:5-24:47
26        android:name="com.smartpierre.espflasher.DYNAMIC_RECEIVER_NOT_EXPORTED_PERMISSION"
26-->[androidx.core:core:1.10.1] AndroidManifest.xml:23:9-81
27        android:protectionLevel="signature" />
27-->[androidx.core:core:1.10.1] AndroidManifest.xml:24:9-44
28
29    <uses-permission android:name="com.smartpierre.espflasher.DYNAMIC_RECEIVER_NOT_EXPORTED_PERMISSION" />
29-->[androidx.core:core:1.10.1] AndroidManifest.xml:26:5-97
29-->[androidx.core:core:1.10.1] AndroidManifest.xml:26:22-94
30
31    <application
31-->src/main/AndroidManifest.xml:14:5-51:19
32        android:allowBackup="true"
32-->src/main/AndroidManifest.xml:15:9-35
33        android:appComponentFactory="androidx.core.app.CoreComponentFactory"
33-->[androidx.core:core:1.10.1] AndroidManifest.xml:28:18-86
34        android:debuggable="true"
35        android:extractNativeLibs="false"
36        android:icon="@mipmap/ic_launcher"
36-->src/main/AndroidManifest.xml:16:9-43
37        android:label="@string/app_name"
37-->src/main/AndroidManifest.xml:17:9-41
38        android:supportsRtl="true"
38-->src/main/AndroidManifest.xml:18:9-35
39        android:theme="@style/AppTheme" >
39-->src/main/AndroidManifest.xml:19:9-40
40        <activity
40-->src/main/AndroidManifest.xml:20:9-35:20
41            android:name="com.smartpierre.espflasher.MainActivity"
41-->src/main/AndroidManifest.xml:21:13-41
42            android:configChanges="orientation|screenSize|keyboardHidden"
42-->src/main/AndroidManifest.xml:24:13-74
43            android:exported="true"
43-->src/main/AndroidManifest.xml:22:13-36
44            android:launchMode="singleTask" >
44-->src/main/AndroidManifest.xml:23:13-44
45            <intent-filter>
45-->src/main/AndroidManifest.xml:25:13-28:29
46                <action android:name="android.intent.action.MAIN" />
46-->src/main/AndroidManifest.xml:26:17-69
46-->src/main/AndroidManifest.xml:26:25-66
47
48                <category android:name="android.intent.category.LAUNCHER" />
48-->src/main/AndroidManifest.xml:27:17-77
48-->src/main/AndroidManifest.xml:27:27-74
49            </intent-filter>
50            <intent-filter>
50-->src/main/AndroidManifest.xml:29:13-31:29
51                <action android:name="android.hardware.usb.action.USB_DEVICE_ATTACHED" />
51-->src/main/AndroidManifest.xml:30:17-90
51-->src/main/AndroidManifest.xml:30:25-87
52            </intent-filter>
53
54            <meta-data
54-->src/main/AndroidManifest.xml:32:13-34:61
55                android:name="android.hardware.usb.action.USB_DEVICE_ATTACHED"
55-->src/main/AndroidManifest.xml:33:17-79
56                android:resource="@xml/usb_device_filter" />
56-->src/main/AndroidManifest.xml:34:17-58
57        </activity>
58
59        <service
59-->src/main/AndroidManifest.xml:37:9-40:40
60            android:name="com.smartpierre.espflasher.SerialMonitorService"
60-->src/main/AndroidManifest.xml:38:13-49
61            android:exported="false"
61-->src/main/AndroidManifest.xml:40:13-37
62            android:foregroundServiceType="dataSync" />
62-->src/main/AndroidManifest.xml:39:13-53
63
64        <provider
65            android:name="androidx.core.content.FileProvider"
65-->src/main/AndroidManifest.xml:43:13-62
66            android:authorities="com.smartpierre.espflasher.fileprovider"
66-->src/main/AndroidManifest.xml:44:13-64
67            android:exported="false"
67-->src/main/AndroidManifest.xml:45:13-37
68            android:grantUriPermissions="true" >
68-->src/main/AndroidManifest.xml:46:13-47
69            <meta-data
69-->src/main/AndroidManifest.xml:47:13-49:54
70                android:name="android.support.FILE_PROVIDER_PATHS"
70-->src/main/AndroidManifest.xml:48:17-67
71                android:resource="@xml/file_paths" />
71-->src/main/AndroidManifest.xml:49:17-51
72        </provider>
73
74        <activity
74-->[androidx.compose.ui:ui-tooling:1.4.3] AndroidManifest.xml:23:9-25:39
75            android:name="androidx.compose.ui.tooling.PreviewActivity"
75-->[androidx.compose.ui:ui-tooling:1.4.3] AndroidManifest.xml:24:13-71
76            android:exported="true" />
76-->[androidx.compose.ui:ui-tooling:1.4.3] AndroidManifest.xml:25:13-36
77
78        <provider
78-->[androidx.emoji2:emoji2:1.3.0] AndroidManifest.xml:24:9-32:20
79            android:name="androidx.startup.InitializationProvider"
79-->[androidx.emoji2:emoji2:1.3.0] AndroidManifest.xml:25:13-67
80            android:authorities="com.smartpierre.espflasher.androidx-startup"
80-->[androidx.emoji2:emoji2:1.3.0] AndroidManifest.xml:26:13-68
81            android:exported="false" >
81-->[androidx.emoji2:emoji2:1.3.0] AndroidManifest.xml:27:13-37
82            <meta-data
82-->[androidx.emoji2:emoji2:1.3.0] AndroidManifest.xml:29:13-31:52
83                android:name="androidx.emoji2.text.EmojiCompatInitializer"
83-->[androidx.emoji2:emoji2:1.3.0] AndroidManifest.xml:30:17-75
84                android:value="androidx.startup" />
84-->[androidx.emoji2:emoji2:1.3.0] AndroidManifest.xml:31:17-49
85            <meta-data
85-->[androidx.lifecycle:lifecycle-process:2.6.1] AndroidManifest.xml:29:13-31:52
86                android:name="androidx.lifecycle.ProcessLifecycleInitializer"
86-->[androidx.lifecycle:lifecycle-process:2.6.1] AndroidManifest.xml:30:17-78
87                android:value="androidx.startup" />
87-->[androidx.lifecycle:lifecycle-process:2.6.1] AndroidManifest.xml:31:17-49
88            <meta-data
88-->[androidx.profileinstaller:profileinstaller:1.3.0] AndroidManifest.xml:29:13-31:52
89                android:name="androidx.profileinstaller.ProfileInstallerInitializer"
89-->[androidx.profileinstaller:profileinstaller:1.3.0] AndroidManifest.xml:30:17-85
90                android:value="androidx.startup" />
90-->[androidx.profileinstaller:profileinstaller:1.3.0] AndroidManifest.xml:31:17-49
91        </provider>
92
93        <receiver
93-->[androidx.profileinstaller:profileinstaller:1.3.0] AndroidManifest.xml:34:9-52:20
94            android:name="androidx.profileinstaller.ProfileInstallReceiver"
94-->[androidx.profileinstaller:profileinstaller:1.3.0] AndroidManifest.xml:35:13-76
95            android:directBootAware="false"
95-->[androidx.profileinstaller:profileinstaller:1.3.0] AndroidManifest.xml:36:13-44
96            android:enabled="true"
96-->[androidx.profileinstaller:profileinstaller:1.3.0] AndroidManifest.xml:37:13-35
97            android:exported="true"
97-->[androidx.profileinstaller:profileinstaller:1.3.0] AndroidManifest.xml:38:13-36
98            android:permission="android.permission.DUMP" >
98-->[androidx.profileinstaller:profileinstaller:1.3.0] AndroidManifest.xml:39:13-57
99            <intent-filter>
99-->[androidx.profileinstaller:profileinstaller:1.3.0] AndroidManifest.xml:40:13-42:29
100                <action android:name="androidx.profileinstaller.action.INSTALL_PROFILE" />
100-->[androidx.profileinstaller:profileinstaller:1.3.0] AndroidManifest.xml:41:17-91
100-->[androidx.profileinstaller:profileinstaller:1.3.0] AndroidManifest.xml:41:25-88
101            </intent-filter>
102            <intent-filter>
102-->[androidx.profileinstaller:profileinstaller:1.3.0] AndroidManifest.xml:43:13-45:29
103                <action android:name="androidx.profileinstaller.action.SKIP_FILE" />
103-->[androidx.profileinstaller:profileinstaller:1.3.0] AndroidManifest.xml:44:17-85
103-->[androidx.profileinstaller:profileinstaller:1.3.0] AndroidManifest.xml:44:25-82
104            </intent-filter>
105            <intent-filter>
105-->[androidx.profileinstaller:profileinstaller:1.3.0] AndroidManifest.xml:46:13-48:29
106                <action android:name="androidx.profileinstaller.action.SAVE_PROFILE" />
106-->[androidx.profileinstaller:profileinstaller:1.3.0] AndroidManifest.xml:47:17-88
106-->[androidx.profileinstaller:profileinstaller:1.3.0] AndroidManifest.xml:47:25-85
107            </intent-filter>
108            <intent-filter>
108-->[androidx.profileinstaller:profileinstaller:1.3.0] AndroidManifest.xml:49:13-51:29
109                <action android:name="androidx.profileinstaller.action.BENCHMARK_OPERATION" />
109-->[androidx.profileinstaller:profileinstaller:1.3.0] AndroidManifest.xml:50:17-95
109-->[androidx.profileinstaller:profileinstaller:1.3.0] AndroidManifest.xml:50:25-92
110            </intent-filter>
111        </receiver>
112    </application>
113
114</manifest>